/vast/palmer/apps/avx2/software/PySCF/2.4.0-foss-2022b/lib/python3.10/site-packages/pyscf/dft/libxc.py:771: UserWarning: Since PySCF-2.3, B3LYP (and B3P86) are changed to the VWN-RPA variant, corresponding to the original definition by Stephens et al. (issue 1480) and the same as the B3LYP functional in Gaussian. To restore the VWN5 definition, you can put the setting "B3LYP_WITH_VWN5 = True" in pyscf_conf.py
  warnings.warn('Since PySCF-2.3, B3LYP (and B3P86) are changed to the VWN-RPA variant, '
Traceback (most recent call last):
  File "/home/am3939/core/calculations/run_mom.py", line 416, in <module>
    predictor.run() 
  File "/home/am3939/core/calculations/run_mom.py", line 322, in run
    self._do_uhf()
  File "/home/am3939/core/calculations/run_mom.py", line 262, in _do_uhf
    self.umf_core.kernel(mo_coeff0 = np.asarray([self.C0,] * 2), optimizer=self.diis)
  File "/home/am3939/core/dmp2/sgscf/uhf.py", line 657, in kernel
    self.converged = rhf.kernel(self, dm0=dm0, mo_coeff0=mo_coeff0, ov0=ov0, optimizer=optimizer)
  File "/home/am3939/core/dmp2/sgscf/rhf.py", line 54, in kernel
    optimizer.next_step(mf)
  File "/home/am3939/core/dmp2/sgscf/sgopt.py", line 607, in next_step
    f = self.adiis.update(f, ferr)
  File "/vast/palmer/apps/avx2/software/PySCF/2.4.0-foss-2022b/lib/python3.10/site-packages/pyscf/lib/diis.py", line 234, in update
    xnew = self.extrapolate(nd)
  File "/vast/palmer/apps/avx2/software/PySCF/2.4.0-foss-2022b/lib/python3.10/site-packages/pyscf/lib/diis.py", line 264, in extrapolate
    raise e
  File "/vast/palmer/apps/avx2/software/PySCF/2.4.0-foss-2022b/lib/python3.10/site-packages/pyscf/lib/diis.py", line 261, in extrapolate
    c = numpy.linalg.solve(h, g)
  File "<__array_function__ internals>", line 200, in solve
  File "/vast/palmer/apps/avx2/software/SciPy-bundle/2023.02-gfbf-2022b/lib/python3.10/site-packages/numpy/linalg/linalg.py", line 386, in solve
    r = gufunc(a, b, signature=signature, extobj=extobj)
  File "/vast/palmer/apps/avx2/software/SciPy-bundle/2023.02-gfbf-2022b/lib/python3.10/site-packages/numpy/linalg/linalg.py", line 89, in _raise_linalgerror_singular
    raise LinAlgError("Singular matrix")
numpy.linalg.LinAlgError: Singular matrix
